0 info it worked if it ends with ok
1 verbose cli [ '/usr/local/Cellar/node/7.7.4/bin/node',
1 verbose cli   '/usr/local/bin/npm',
1 verbose cli   'start' ]
2 info using npm@4.1.2
3 info using node@v7.7.4
4 verbose run-script [ 'prestart', 'start', 'poststart' ]
5 info lifecycle jarvis-note@0.1.0~prestart: jarvis-note@0.1.0
6 silly lifecycle jarvis-note@0.1.0~prestart: no script for prestart, continuing
7 info lifecycle jarvis-note@0.1.0~start: jarvis-note@0.1.0
8 verbose lifecycle jarvis-note@0.1.0~start: unsafe-perm in lifecycle true
9 verbose lifecycle jarvis-note@0.1.0~start: PATH: /usr/local/lib/node_modules/npm/bin/node-gyp-bin:/Applications/MAMP/htdocs/oneweek2017/Jarvisaddin/node_modules/.bin:/Users/newton/anaconda2/bin:/Users/newton/anaconda2/bin:/Users/newton/Downloads/apache-maven-3.3.9/bin:/usr/local/bin:/usr/bin:/bin:/usr/sbin:/sbin:/usr/local/share/dotnet:/Library/Frameworks/Mono.framework/Versions/Current/Commands:/Applications/Xamarin Workbooks.app/Contents/SharedSupport/path-bin:/Users/newton/anaconda2/bin:/Users/newton/Downloads/apache-maven-3.3.9/bin
10 verbose lifecycle jarvis-note@0.1.0~start: CWD: /Applications/MAMP/htdocs/oneweek2017/Jarvisaddin
11 silly lifecycle jarvis-note@0.1.0~start: Args: [ '-c', 'browser-sync start --config bsconfig.json' ]
12 silly lifecycle jarvis-note@0.1.0~start: Returned: code: 1  signal: null
13 info lifecycle jarvis-note@0.1.0~start: Failed to exec start script
14 verbose stack Error: jarvis-note@0.1.0 start: `browser-sync start --config bsconfig.json`
14 verbose stack Exit status 1
14 verbose stack     at EventEmitter.<anonymous> (/usr/local/lib/node_modules/npm/lib/utils/lifecycle.js:279:16)
14 verbose stack     at emitTwo (events.js:106:13)
14 verbose stack     at EventEmitter.emit (events.js:194:7)
14 verbose stack     at ChildProcess.<anonymous> (/usr/local/lib/node_modules/npm/lib/utils/spawn.js:40:14)
14 verbose stack     at emitTwo (events.js:106:13)
14 verbose stack     at ChildProcess.emit (events.js:194:7)
14 verbose stack     at maybeClose (internal/child_process.js:899:16)
14 verbose stack     at Process.ChildProcess._handle.onexit (internal/child_process.js:226:5)
15 verbose pkgid jarvis-note@0.1.0
16 verbose cwd /Applications/MAMP/htdocs/oneweek2017/Jarvisaddin
17 error Darwin 16.7.0
18 error argv "/usr/local/Cellar/node/7.7.4/bin/node" "/usr/local/bin/npm" "start"
19 error node v7.7.4
20 error npm  v4.1.2
21 error code ELIFECYCLE
22 error jarvis-note@0.1.0 start: `browser-sync start --config bsconfig.json`
22 error Exit status 1
23 error Failed at the jarvis-note@0.1.0 start script 'browser-sync start --config bsconfig.json'.
23 error Make sure you have the latest version of node.js and npm installed.
23 error If you do, this is most likely a problem with the jarvis-note package,
23 error not with npm itself.
23 error Tell the author that this fails on your system:
23 error     browser-sync start --config bsconfig.json
23 error You can get information on how to open an issue for this project with:
23 error     npm bugs jarvis-note
23 error Or if that isn't available, you can get their info via:
23 error     npm owner ls jarvis-note
23 error There is likely additional logging output above.
24 verbose exit [ 1, true ]
